D:\PRIVAT\PROJECTS\STRATEGICGAMEPROJECT\GAMEDEMONSTRATOR\DEBUG\GAMEDEMONSTRATOR.PCH
D:\PRIVAT\PROJECTS\STRATEGICGAMEPROJECT\GAMEDEMONSTRATOR\DEBUG\STDAFX.OBJ
D:\PRIVAT\PROJECTS\STRATEGICGAMEPROJECT\GAMEDEMONSTRATOR\DEBUG\VC110.PDB
D:\PRIVAT\PROJECTS\STRATEGICGAMEPROJECT\GAMEDEMONSTRATOR\DEBUG\MAPVIEWHEXITEM.OBJ
D:\PRIVAT\PROJECTS\STRATEGICGAMEPROJECT\GAMEDEMONSTRATOR\DEBUG\MAPVIEWGRAPHICSSCENE.OBJ
D:\PRIVAT\PROJECTS\STRATEGICGAMEPROJECT\GAMEDEMONSTRATOR\DEBUG\MAPVIEW.OBJ
D:\PRIVAT\PROJECTS\STRATEGICGAMEPROJECT\GAMEDEMONSTRATOR\DEBUG\MAIN.OBJ
D:\PRIVAT\PROJECTS\STRATEGICGAMEPROJECT\GAMEDEMONSTRATOR\DEBUG\MOC_QACTIONREPOSITORY.OBJ
D:\PRIVAT\PROJECTS\STRATEGICGAMEPROJECT\GAMEDEMONSTRATOR\DEBUG\MOC_MAPVIEWGRAPHICSSCENE.OBJ
D:\PRIVAT\PROJECTS\STRATEGICGAMEPROJECT\GAMEDEMONSTRATOR\DEBUG\MOC_MAPVIEW.OBJ
D:\PRIVAT\PROJECTS\STRATEGICGAMEPROJECT\GAMEDEMONSTRATOR\DEBUG\MOC_GAMETURNINFO.OBJ
D:\PRIVAT\PROJECTS\STRATEGICGAMEPROJECT\GAMEDEMONSTRATOR\DEBUG\MOC_GAMETURNDIALOG.OBJ
D:\PRIVAT\PROJECTS\STRATEGICGAMEPROJECT\GAMEDEMONSTRATOR\DEBUG\MOC_GAMEMAINTHREAD.OBJ
D:\PRIVAT\PROJECTS\STRATEGICGAMEPROJECT\GAMEDEMONSTRATOR\DEBUG\MOC_GAMEMAINLOOP.OBJ
D:\PRIVAT\PROJECTS\STRATEGICGAMEPROJECT\GAMEDEMONSTRATOR\DEBUG\MOC_GAMEMAINCOUNTER.OBJ
D:\PRIVAT\PROJECTS\STRATEGICGAMEPROJECT\GAMEDEMONSTRATOR\DEBUG\MOC_GAMEDEMONSTRATOR.OBJ
D:\PRIVAT\PROJECTS\STRATEGICGAMEPROJECT\GAMEDEMONSTRATOR\DEBUG\GAMETURNINFO.OBJ
D:\PRIVAT\PROJECTS\STRATEGICGAMEPROJECT\GAMEDEMONSTRATOR\DEBUG\GAMETURNDIALOG.OBJ
D:\PRIVAT\PROJECTS\STRATEGICGAMEPROJECT\GAMEDEMONSTRATOR\DEBUG\GAMEMAINTHREAD.OBJ
D:\PRIVAT\PROJECTS\STRATEGICGAMEPROJECT\GAMEDEMONSTRATOR\DEBUG\GAMEMAINLOOP.OBJ
D:\PRIVAT\PROJECTS\STRATEGICGAMEPROJECT\GAMEDEMONSTRATOR\DEBUG\GAMEDEMONSTRATOR.OBJ
D:\PRIVAT\PROJECTS\STRATEGICGAMEPROJECT\GAMEDEMONSTRATOR\DEBUG\GAMEMAINCOUNTER.OBJ
D:\PRIVAT\PROJECTS\STRATEGICGAMEPROJECT\GAMEDEMONSTRATOR\DEBUG\QACTIONREPOSITORY.OBJ
D:\PRIVAT\PROJECTS\STRATEGICGAMEPROJECT\GAMEDEMONSTRATOR\GENERATEDFILES\DEBUG\MOC_GAMEMAINCOUNTER.CPP
D:\PRIVAT\PROJECTS\STRATEGICGAMEPROJECT\GAMEDEMONSTRATOR\GENERATEDFILES\DEBUG\MOC_GAMEMAINTHREAD.CPP
D:\PRIVAT\PROJECTS\STRATEGICGAMEPROJECT\GAMEDEMONSTRATOR\GENERATEDFILES\DEBUG\MOC_GAMEMAINLOOP.CPP
D:\PRIVAT\PROJECTS\STRATEGICGAMEPROJECT\GAMEDEMONSTRATOR\GENERATEDFILES\DEBUG\MOC_GAMETURNINFO.CPP
D:\PRIVAT\PROJECTS\STRATEGICGAMEPROJECT\GAMEDEMONSTRATOR\GENERATEDFILES\DEBUG\MOC_GAMETURNDIALOG.CPP
D:\PRIVAT\PROJECTS\STRATEGICGAMEPROJECT\GAMEDEMONSTRATOR\GENERATEDFILES\DEBUG\MOC_GAMEDEMONSTRATOR.CPP
D:\PRIVAT\PROJECTS\STRATEGICGAMEPROJECT\GAMEDEMONSTRATOR\GENERATEDFILES\DEBUG\MOC_QACTIONREPOSITORY.CPP
D:\PRIVAT\PROJECTS\STRATEGICGAMEPROJECT\GAMEDEMONSTRATOR\GENERATEDFILES\DEBUG\MOC_MAPVIEW.CPP
D:\PRIVAT\PROJECTS\STRATEGICGAMEPROJECT\GAMEDEMONSTRATOR\GENERATEDFILES\DEBUG\MOC_MAPVIEWGRAPHICSSCENE.CPP
D:\PRIVAT\PROJECTS\STRATEGICGAMEPROJECT\GAMEDEMONSTRATOR\GENERATEDFILES\DEBUG\MOC_MAPVIEWHEXITEM.CPP
D:\PRIVAT\PROJECTS\STRATEGICGAMEPROJECT\GAMEDEMONSTRATOR\GENERATEDFILES\UI_GAMEDEMONSTRATOR.H
D:\PRIVAT\PROJECTS\STRATEGICGAMEPROJECT\GAMEDEMONSTRATOR\GENERATEDFILES\QRC_GAMEDEMONSTRATOR.CPP
D:\PRIVAT\PROJECTS\STRATEGICGAMEPROJECT\GAMEDEMONSTRATOR\GENERATEDFILES\UI_GAMETURNINFO.H
D:\PRIVAT\PROJECTS\STRATEGICGAMEPROJECT\GAMEDEMONSTRATOR\GENERATEDFILES\UI_GAMETURNDIALOG.H
D:\Privat\Projects\StrategicGameProject\GameDemonstrator\Debug\gamedemonstrator.obj
D:\Privat\Projects\StrategicGameProject\GameDemonstrator\Debug\GameMainCounter.obj
D:\Privat\Projects\StrategicGameProject\GameDemonstrator\Debug\GameMainLoop.obj
D:\Privat\Projects\StrategicGameProject\GameDemonstrator\Debug\GameMainThread.obj
D:\Privat\Projects\StrategicGameProject\GameDemonstrator\Debug\GameTurnDialog.obj
D:\Privat\Projects\StrategicGameProject\GameDemonstrator\Debug\GameTurnInfo.obj
D:\Privat\Projects\StrategicGameProject\GameDemonstrator\Debug\main.obj
D:\Privat\Projects\StrategicGameProject\GameDemonstrator\Debug\MapView.obj
D:\Privat\Projects\StrategicGameProject\GameDemonstrator\Debug\MapViewGraphicsScene.obj
D:\Privat\Projects\StrategicGameProject\GameDemonstrator\Debug\MapViewHexItem.obj
D:\Privat\Projects\StrategicGameProject\GameDemonstrator\Debug\moc_gamedemonstrator.obj
D:\Privat\Projects\StrategicGameProject\GameDemonstrator\Debug\moc_GameMainCounter.obj
D:\Privat\Projects\StrategicGameProject\GameDemonstrator\Debug\moc_GameMainLoop.obj
D:\Privat\Projects\StrategicGameProject\GameDemonstrator\Debug\moc_GameMainThread.obj
D:\Privat\Projects\StrategicGameProject\GameDemonstrator\Debug\moc_GameTurnDialog.obj
D:\Privat\Projects\StrategicGameProject\GameDemonstrator\Debug\moc_GameTurnInfo.obj
D:\Privat\Projects\StrategicGameProject\GameDemonstrator\Debug\moc_MapView.obj
D:\Privat\Projects\StrategicGameProject\GameDemonstrator\Debug\moc_MapViewGraphicsScene.obj
D:\Privat\Projects\StrategicGameProject\GameDemonstrator\Debug\moc_QActionRepository.obj
D:\Privat\Projects\StrategicGameProject\GameDemonstrator\Debug\QActionRepository.obj
D:\Privat\Projects\StrategicGameProject\GameDemonstrator\Debug\stdafx.obj
D:\Privat\Projects\StrategicGameProject\GameDemonstrator\Debug\cl.command.1.tlog
D:\Privat\Projects\StrategicGameProject\GameDemonstrator\Debug\CL.read.1.tlog
D:\Privat\Projects\StrategicGameProject\GameDemonstrator\Debug\CL.write.1.tlog
D:\Privat\Projects\StrategicGameProject\GameDemonstrator\Debug\custombuild.command.1.tlog
D:\Privat\Projects\StrategicGameProject\GameDemonstrator\Debug\custombuild.read.1.tlog
D:\Privat\Projects\StrategicGameProject\GameDemonstrator\Debug\custombuild.write.1.tlog
D:\Privat\Projects\StrategicGameProject\GameDemonstrator\Debug\GameDemonstrator.pch
D:\Privat\Projects\StrategicGameProject\GameDemonstrator\Debug\vc110.pdb
